{"/Users/ulantja/Workspace/projects/drawer/src/js/Drawer.js": {"path":"/Users/ulantja/Workspace/projects/drawer/src/js/Drawer.js","statementMap":{"0":{"start":{"line":12,"column":4},"end":{"line":12,"column":17}},"1":{"start":{"line":14,"column":4},"end":{"line":19,"column":6}},"2":{"start":{"line":21,"column":4},"end":{"line":21,"column":64}},"3":{"start":{"line":22,"column":4},"end":{"line":22,"column":60}},"4":{"start":{"line":23,"column":4},"end":{"line":23,"column":69}},"5":{"start":{"line":24,"column":4},"end":{"line":24,"column":71}},"6":{"start":{"line":25,"column":4},"end":{"line":25,"column":58}},"7":{"start":{"line":26,"column":4},"end":{"line":26,"column":60}},"8":{"start":{"line":27,"column":4},"end":{"line":27,"column":67}},"9":{"start":{"line":28,"column":4},"end":{"line":28,"column":66}},"10":{"start":{"line":33,"column":4},"end":{"line":35,"column":13}},"11":{"start":{"line":33,"column":41},"end":{"line":33,"column":70}},"12":{"start":{"line":34,"column":41},"end":{"line":34,"column":68}},"13":{"start":{"line":40,"column":40},"end":{"line":40,"column":49}},"14":{"start":{"line":41,"column":40},"end":{"line":41,"column":50}},"15":{"start":{"line":43,"column":4},"end":{"line":43,"column":54}},"16":{"start":{"line":45,"column":4},"end":{"line":49,"column":5}},"17":{"start":{"line":46,"column":6},"end":{"line":48,"column":8}},"18":{"start":{"line":47,"column":14},"end":{"line":47,"column":68}},"19":{"start":{"line":51,"column":4},"end":{"line":54,"column":5}},"20":{"start":{"line":52,"column":6},"end":{"line":52,"column":61}},"21":{"start":{"line":53,"column":6},"end":{"line":53,"column":36}},"22":{"start":{"line":60,"column":79},"end":{"line":60,"column":89}},"23":{"start":{"line":61,"column":49},"end":{"line":61,"column":59}},"24":{"start":{"line":63,"column":4},"end":{"line":74,"column":5}},"25":{"start":{"line":83,"column":0},"end":{"line":92,"column":2}},"26":{"start":{"line":94,"column":0},"end":{"line":97,"column":2}},"27":{"start":{"line":99,"column":0},"end":{"line":105,"column":2}},"28":{"start":{"line":110,"column":2},"end":{"line":110,"column":21}},"29":{"start":{"line":112,"column":16},"end":{"line":112,"column":22}},"30":{"start":{"line":113,"column":2},"end":{"line":119,"column":3}},"31":{"start":{"line":113,"column":21},"end":{"line":113,"column":34}},"32":{"start":{"line":114,"column":4},"end":{"line":118,"column":5}},"33":{"start":{"line":115,"column":15},"end":{"line":115,"column":36}},"34":{"start":{"line":115,"column":37},"end":{"line":115,"column":43}},"35":{"start":{"line":116,"column":15},"end":{"line":116,"column":34}},"36":{"start":{"line":116,"column":37},"end":{"line":116,"column":43}},"37":{"start":{"line":117,"column":15},"end":{"line":117,"column":56}},"38":{"start":{"line":125,"column":2},"end":{"line":129,"column":3}},"39":{"start":{"line":126,"column":18},"end":{"line":126,"column":112}},"40":{"start":{"line":126,"column":115},"end":{"line":126,"column":121}},"41":{"start":{"line":127,"column":18},"end":{"line":127,"column":114}},"42":{"start":{"line":127,"column":115},"end":{"line":127,"column":121}},"43":{"start":{"line":128,"column":13},"end":{"line":128,"column":80}},"44":{"start":{"line":131,"column":2},"end":{"line":131,"column":33}},"45":{"start":{"line":137,"column":2},"end":{"line":141,"column":3}},"46":{"start":{"line":138,"column":4},"end":{"line":140,"column":6}},"47":{"start":{"line":139,"column":12},"end":{"line":139,"column":99}},"48":{"start":{"line":147,"column":25},"end":{"line":147,"column":77}},"49":{"start":{"line":148,"column":25},"end":{"line":148,"column":85}},"50":{"start":{"line":149,"column":25},"end":{"line":149,"column":69}},"51":{"start":{"line":150,"column":25},"end":{"line":150,"column":69}},"52":{"start":{"line":151,"column":25},"end":{"line":151,"column":54}},"53":{"start":{"line":153,"column":2},"end":{"line":155,"column":3}},"54":{"start":{"line":154,"column":4},"end":{"line":154,"column":27}},"55":{"start":{"line":161,"column":2},"end":{"line":161,"column":21}},"56":{"start":{"line":163,"column":2},"end":{"line":163,"column":30}},"57":{"start":{"line":164,"column":2},"end":{"line":164,"column":63}},"58":{"start":{"line":170,"column":2},"end":{"line":170,"column":21}},"59":{"start":{"line":172,"column":27},"end":{"line":172,"column":75}},"60":{"start":{"line":173,"column":27},"end":{"line":173,"column":194}},"61":{"start":{"line":174,"column":27},"end":{"line":174,"column":54}},"62":{"start":{"line":175,"column":27},"end":{"line":175,"column":48}},"63":{"start":{"line":177,"column":2},"end":{"line":180,"column":3}},"64":{"start":{"line":178,"column":4},"end":{"line":178,"column":58}},"65":{"start":{"line":179,"column":4},"end":{"line":179,"column":52}},"66":{"start":{"line":182,"column":2},"end":{"line":184,"column":3}},"67":{"start":{"line":183,"column":4},"end":{"line":183,"column":19}},"68":{"start":{"line":186,"column":2},"end":{"line":186,"column":39}},"69":{"start":{"line":188,"column":2},"end":{"line":188,"column":30}},"70":{"start":{"line":194,"column":2},"end":{"line":194,"column":21}},"71":{"start":{"line":196,"column":16},"end":{"line":196,"column":23}},"72":{"start":{"line":197,"column":2},"end":{"line":203,"column":3}},"73":{"start":{"line":197,"column":21},"end":{"line":197,"column":34}},"74":{"start":{"line":198,"column":4},"end":{"line":202,"column":5}},"75":{"start":{"line":199,"column":15},"end":{"line":199,"column":45}},"76":{"start":{"line":199,"column":46},"end":{"line":199,"column":52}},"77":{"start":{"line":200,"column":15},"end":{"line":200,"column":45}},"78":{"start":{"line":200,"column":46},"end":{"line":200,"column":52}},"79":{"start":{"line":201,"column":15},"end":{"line":201,"column":59}}},"fnMap":{"0":{"name":"(anonymous_0)","decl":{"start":{"line":11,"column":2},"end":{"line":11,"column":3}},"loc":{"start":{"line":11,"column":21},"end":{"line":30,"column":3}},"line":11},"1":{"name":"(anonymous_1)","decl":{"start":{"line":32,"column":2},"end":{"line":32,"column":3}},"loc":{"start":{"line":32,"column":20},"end":{"line":36,"column":3}},"line":32},"2":{"name":"(anonymous_2)","decl":{"start":{"line":33,"column":36},"end":{"line":33,"column":37}},"loc":{"start":{"line":33,"column":41},"end":{"line":33,"column":70}},"line":33},"3":{"name":"(anonymous_3)","decl":{"start":{"line":34,"column":36},"end":{"line":34,"column":37}},"loc":{"start":{"line":34,"column":41},"end":{"line":34,"column":68}},"line":34},"4":{"name":"(anonymous_4)","decl":{"start":{"line":38,"column":2},"end":{"line":38,"column":3}},"loc":{"start":{"line":38,"column":39},"end":{"line":56,"column":3}},"line":38},"5":{"name":"(anonymous_5)","decl":{"start":{"line":47,"column":8},"end":{"line":47,"column":9}},"loc":{"start":{"line":47,"column":14},"end":{"line":47,"column":68}},"line":47},"6":{"name":"(anonymous_6)","decl":{"start":{"line":58,"column":2},"end":{"line":58,"column":3}},"loc":{"start":{"line":58,"column":11},"end":{"line":75,"column":3}},"line":58},"7":{"name":"_drawerHandleKeys","decl":{"start":{"line":108,"column":9},"end":{"line":108,"column":26}},"loc":{"start":{"line":108,"column":30},"end":{"line":121,"column":1}},"line":108},"8":{"name":"(anonymous_8)","decl":{"start":{"line":113,"column":16},"end":{"line":113,"column":17}},"loc":{"start":{"line":113,"column":21},"end":{"line":113,"column":34}},"line":113},"9":{"name":"_drawerStyles","decl":{"start":{"line":123,"column":9},"end":{"line":123,"column":22}},"loc":{"start":{"line":123,"column":60},"end":{"line":133,"column":1}},"line":123},"10":{"name":"_contentSectionHandler","decl":{"start":{"line":135,"column":9},"end":{"line":135,"column":31}},"loc":{"start":{"line":135,"column":35},"end":{"line":143,"column":1}},"line":135},"11":{"name":"(anonymous_11)","decl":{"start":{"line":139,"column":6},"end":{"line":139,"column":7}},"loc":{"start":{"line":139,"column":12},"end":{"line":139,"column":99}},"line":139},"12":{"name":"_findAndFocus","decl":{"start":{"line":145,"column":9},"end":{"line":145,"column":22}},"loc":{"start":{"line":145,"column":60},"end":{"line":157,"column":1}},"line":145},"13":{"name":"_titleSectionBackHandler","decl":{"start":{"line":159,"column":9},"end":{"line":159,"column":33}},"loc":{"start":{"line":159,"column":37},"end":{"line":166,"column":1}},"line":159},"14":{"name":"_tabHandler","decl":{"start":{"line":168,"column":9},"end":{"line":168,"column":20}},"loc":{"start":{"line":168,"column":24},"end":{"line":190,"column":1}},"line":168},"15":{"name":"_basicViewKeyHandler","decl":{"start":{"line":192,"column":9},"end":{"line":192,"column":29}},"loc":{"start":{"line":192,"column":33},"end":{"line":205,"column":1}},"line":192},"16":{"name":"(anonymous_16)","decl":{"start":{"line":197,"column":16},"end":{"line":197,"column":17}},"loc":{"start":{"line":197,"column":21},"end":{"line":197,"column":34}},"line":197}},"branchMap":{"0":{"loc":{"start":{"line":45,"column":4},"end":{"line":49,"column":5}},"type":"if","locations":[{"start":{"line":45,"column":4},"end":{"line":49,"column":5}},{"start":{"line":45,"column":4},"end":{"line":49,"column":5}}],"line":45},"1":{"loc":{"start":{"line":51,"column":4},"end":{"line":54,"column":5}},"type":"if","locations":[{"start":{"line":51,"column":4},"end":{"line":54,"column":5}},{"start":{"line":51,"column":4},"end":{"line":54,"column":5}}],"line":51},"2":{"loc":{"start":{"line":113,"column":2},"end":{"line":119,"column":3}},"type":"if","locations":[{"start":{"line":113,"column":2},"end":{"line":119,"column":3}},{"start":{"line":113,"column":2},"end":{"line":119,"column":3}}],"line":113},"3":{"loc":{"start":{"line":114,"column":4},"end":{"line":118,"column":5}},"type":"switch","locations":[{"start":{"line":115,"column":6},"end":{"line":115,"column":43}},{"start":{"line":116,"column":6},"end":{"line":116,"column":43}},{"start":{"line":117,"column":6},"end":{"line":117,"column":56}}],"line":114},"4":{"loc":{"start":{"line":125,"column":2},"end":{"line":129,"column":3}},"type":"switch","locations":[{"start":{"line":126,"column":4},"end":{"line":126,"column":121}},{"start":{"line":127,"column":4},"end":{"line":127,"column":121}},{"start":{"line":128,"column":4},"end":{"line":128,"column":80}}],"line":125},"5":{"loc":{"start":{"line":126,"column":34},"end":{"line":126,"column":111}},"type":"cond-expr","locations":[{"start":{"line":126,"column":47},"end":{"line":126,"column":76}},{"start":{"line":126,"column":81},"end":{"line":126,"column":111}}],"line":126},"6":{"loc":{"start":{"line":127,"column":34},"end":{"line":127,"column":113}},"type":"cond-expr","locations":[{"start":{"line":127,"column":47},"end":{"line":127,"column":78}},{"start":{"line":127,"column":81},"end":{"line":127,"column":113}}],"line":127},"7":{"loc":{"start":{"line":137,"column":2},"end":{"line":141,"column":3}},"type":"if","locations":[{"start":{"line":137,"column":2},"end":{"line":141,"column":3}},{"start":{"line":137,"column":2},"end":{"line":141,"column":3}}],"line":137},"8":{"loc":{"start":{"line":149,"column":25},"end":{"line":149,"column":69}},"type":"cond-expr","locations":[{"start":{"line":149,"column":38},"end":{"line":149,"column":49}},{"start":{"line":149,"column":52},"end":{"line":149,"column":69}}],"line":149},"9":{"loc":{"start":{"line":150,"column":25},"end":{"line":150,"column":69}},"type":"cond-expr","locations":[{"start":{"line":150,"column":38},"end":{"line":150,"column":48}},{"start":{"line":150,"column":52},"end":{"line":150,"column":69}}],"line":150},"10":{"loc":{"start":{"line":151,"column":25},"end":{"line":151,"column":54}},"type":"cond-expr","locations":[{"start":{"line":151,"column":32},"end":{"line":151,"column":41}},{"start":{"line":151,"column":44},"end":{"line":151,"column":54}}],"line":151},"11":{"loc":{"start":{"line":153,"column":2},"end":{"line":155,"column":3}},"type":"if","locations":[{"start":{"line":153,"column":2},"end":{"line":155,"column":3}},{"start":{"line":153,"column":2},"end":{"line":155,"column":3}}],"line":153},"12":{"loc":{"start":{"line":177,"column":2},"end":{"line":180,"column":3}},"type":"if","locations":[{"start":{"line":177,"column":2},"end":{"line":180,"column":3}},{"start":{"line":177,"column":2},"end":{"line":180,"column":3}}],"line":177},"13":{"loc":{"start":{"line":178,"column":17},"end":{"line":178,"column":57}},"type":"cond-expr","locations":[{"start":{"line":178,"column":30},"end":{"line":178,"column":42}},{"start":{"line":178,"column":45},"end":{"line":178,"column":57}}],"line":178},"14":{"loc":{"start":{"line":179,"column":17},"end":{"line":179,"column":51}},"type":"cond-expr","locations":[{"start":{"line":179,"column":37},"end":{"line":179,"column":47}},{"start":{"line":179,"column":50},"end":{"line":179,"column":51}}],"line":179},"15":{"loc":{"start":{"line":182,"column":2},"end":{"line":184,"column":3}},"type":"if","locations":[{"start":{"line":182,"column":2},"end":{"line":184,"column":3}},{"start":{"line":182,"column":2},"end":{"line":184,"column":3}}],"line":182},"16":{"loc":{"start":{"line":197,"column":2},"end":{"line":203,"column":3}},"type":"if","locations":[{"start":{"line":197,"column":2},"end":{"line":203,"column":3}},{"start":{"line":197,"column":2},"end":{"line":203,"column":3}}],"line":197},"17":{"loc":{"start":{"line":198,"column":4},"end":{"line":202,"column":5}},"type":"switch","locations":[{"start":{"line":199,"column":6},"end":{"line":199,"column":52}},{"start":{"line":200,"column":6},"end":{"line":200,"column":52}},{"start":{"line":201,"column":6},"end":{"line":201,"column":59}}],"line":198}},"s":{"0":1,"1":1,"2":1,"3":1,"4":1,"5":1,"6":1,"7":1,"8":1,"9":1,"10":0,"11":0,"12":0,"13":0,"14":0,"15":0,"16":0,"17":0,"18":0,"19":0,"20":0,"21":0,"22":1,"23":1,"24":1,"25":1,"26":1,"27":1,"28":0,"29":0,"30":0,"31":0,"32":0,"33":0,"34":0,"35":0,"36":0,"37":0,"38":0,"39":0,"40":0,"41":0,"42":0,"43":0,"44":0,"45":0,"46":0,"47":0,"48":0,"49":0,"50":0,"51":0,"52":0,"53":0,"54":0,"55":0,"56":0,"57":0,"58":0,"59":0,"60":0,"61":0,"62":0,"63":0,"64":0,"65":0,"66":0,"67":0,"68":0,"69":0,"70":0,"71":0,"72":0,"73":0,"74":0,"75":0,"76":0,"77":0,"78":0,"79":0},"f":{"0":1,"1":0,"2":0,"3":0,"4":0,"5":0,"6":1,"7":0,"8":0,"9":0,"10":0,"11":0,"12":0,"13":0,"14":0,"15":0,"16":0},"b":{"0":[0,0],"1":[0,0],"2":[0,0],"3":[0,0,0],"4":[0,0,0],"5":[0,0],"6":[0,0],"7":[0,0],"8":[0,0],"9":[0,0],"10":[0,0],"11":[0,0],"12":[0,0],"13":[0,0],"14":[0,0],"15":[0,0],"16":[0,0],"17":[0,0,0]},"_coverageSchema":"332fd63041d2c1bcb487cc26dd0d5f7d97098a6c","hash":"7e5fd373664c6a6167c0642129abff3cf32352a9"}
}
