TN:
SF:/Users/ulantja/Workspace/projects/drawer/src/js/Drawer.js
FN:11,(anonymous_0)
FN:32,(anonymous_1)
FN:33,(anonymous_2)
FN:34,(anonymous_3)
FN:38,(anonymous_4)
FN:47,(anonymous_5)
FN:58,(anonymous_6)
FN:108,_drawerHandleKeys
FN:113,(anonymous_8)
FN:123,_drawerStyles
FN:135,_contentSectionHandler
FN:139,(anonymous_11)
FN:145,_findAndFocus
FN:159,_titleSectionBackHandler
FN:168,_tabHandler
FN:192,_basicViewKeyHandler
FN:197,(anonymous_16)
FNF:17
FNH:2
FNDA:1,(anonymous_0)
FNDA:0,(anonymous_1)
FNDA:0,(anonymous_2)
FNDA:0,(anonymous_3)
FNDA:0,(anonymous_4)
FNDA:0,(anonymous_5)
FNDA:1,(anonymous_6)
FNDA:0,_drawerHandleKeys
FNDA:0,(anonymous_8)
FNDA:0,_drawerStyles
FNDA:0,_contentSectionHandler
FNDA:0,(anonymous_11)
FNDA:0,_findAndFocus
FNDA:0,_titleSectionBackHandler
FNDA:0,_tabHandler
FNDA:0,_basicViewKeyHandler
FNDA:0,(anonymous_16)
DA:12,1
DA:14,1
DA:21,1
DA:22,1
DA:23,1
DA:24,1
DA:25,1
DA:26,1
DA:27,1
DA:28,1
DA:33,0
DA:34,0
DA:40,0
DA:41,0
DA:43,0
DA:45,0
DA:46,0
DA:47,0
DA:51,0
DA:52,0
DA:53,0
DA:60,1
DA:61,1
DA:63,1
DA:83,1
DA:94,1
DA:99,1
DA:110,0
DA:112,0
DA:113,0
DA:114,0
DA:115,0
DA:116,0
DA:117,0
DA:125,0
DA:126,0
DA:127,0
DA:128,0
DA:131,0
DA:137,0
DA:138,0
DA:139,0
DA:147,0
DA:148,0
DA:149,0
DA:150,0
DA:151,0
DA:153,0
DA:154,0
DA:161,0
DA:163,0
DA:164,0
DA:170,0
DA:172,0
DA:173,0
DA:174,0
DA:175,0
DA:177,0
DA:178,0
DA:179,0
DA:182,0
DA:183,0
DA:186,0
DA:188,0
DA:194,0
DA:196,0
DA:197,0
DA:198,0
DA:199,0
DA:200,0
DA:201,0
LF:71
LH:16
BRDA:45,0,0,0
BRDA:45,0,1,0
BRDA:51,1,0,0
BRDA:51,1,1,0
BRDA:113,2,0,0
BRDA:113,2,1,0
BRDA:114,3,0,0
BRDA:114,3,1,0
BRDA:114,3,2,0
BRDA:125,4,0,0
BRDA:125,4,1,0
BRDA:125,4,2,0
BRDA:126,5,0,0
BRDA:126,5,1,0
BRDA:127,6,0,0
BRDA:127,6,1,0
BRDA:137,7,0,0
BRDA:137,7,1,0
BRDA:149,8,0,0
BRDA:149,8,1,0
BRDA:150,9,0,0
BRDA:150,9,1,0
BRDA:151,10,0,0
BRDA:151,10,1,0
BRDA:153,11,0,0
BRDA:153,11,1,0
BRDA:177,12,0,0
BRDA:177,12,1,0
BRDA:178,13,0,0
BRDA:178,13,1,0
BRDA:179,14,0,0
BRDA:179,14,1,0
BRDA:182,15,0,0
BRDA:182,15,1,0
BRDA:197,16,0,0
BRDA:197,16,1,0
BRDA:198,17,0,0
BRDA:198,17,1,0
BRDA:198,17,2,0
BRF:39
BRH:0
end_of_record
