{"/Users/udavig4/Git/drawer/src/js/Drawer.js": {"path":"/Users/udavig4/Git/drawer/src/js/Drawer.js","statementMap":{"0":{"start":{"line":13,"column":4},"end":{"line":13,"column":17}},"1":{"start":{"line":15,"column":4},"end":{"line":21,"column":6}},"2":{"start":{"line":23,"column":4},"end":{"line":23,"column":64}},"3":{"start":{"line":24,"column":4},"end":{"line":24,"column":60}},"4":{"start":{"line":25,"column":4},"end":{"line":25,"column":69}},"5":{"start":{"line":26,"column":4},"end":{"line":26,"column":71}},"6":{"start":{"line":27,"column":4},"end":{"line":27,"column":58}},"7":{"start":{"line":28,"column":4},"end":{"line":28,"column":60}},"8":{"start":{"line":29,"column":4},"end":{"line":29,"column":67}},"9":{"start":{"line":30,"column":4},"end":{"line":30,"column":63}},"10":{"start":{"line":31,"column":4},"end":{"line":31,"column":66}},"11":{"start":{"line":33,"column":4},"end":{"line":35,"column":5}},"12":{"start":{"line":34,"column":6},"end":{"line":34,"column":60}},"13":{"start":{"line":40,"column":4},"end":{"line":43,"column":6}},"14":{"start":{"line":41,"column":34},"end":{"line":41,"column":63}},"15":{"start":{"line":42,"column":34},"end":{"line":42,"column":61}},"16":{"start":{"line":48,"column":36},"end":{"line":48,"column":46}},"17":{"start":{"line":49,"column":50},"end":{"line":49,"column":59}},"18":{"start":{"line":50,"column":47},"end":{"line":50,"column":57}},"19":{"start":{"line":52,"column":4},"end":{"line":52,"column":44}},"20":{"start":{"line":53,"column":4},"end":{"line":53,"column":103}},"21":{"start":{"line":59,"column":80},"end":{"line":59,"column":90}},"22":{"start":{"line":60,"column":49},"end":{"line":60,"column":59}},"23":{"start":{"line":62,"column":4},"end":{"line":89,"column":5}},"24":{"start":{"line":98,"column":0},"end":{"line":107,"column":2}},"25":{"start":{"line":109,"column":0},"end":{"line":112,"column":2}},"26":{"start":{"line":114,"column":0},"end":{"line":123,"column":2}},"27":{"start":{"line":128,"column":16},"end":{"line":128,"column":22}},"28":{"start":{"line":129,"column":2},"end":{"line":135,"column":3}},"29":{"start":{"line":129,"column":23},"end":{"line":129,"column":38}},"30":{"start":{"line":130,"column":4},"end":{"line":134,"column":5}},"31":{"start":{"line":131,"column":15},"end":{"line":131,"column":36}},"32":{"start":{"line":131,"column":37},"end":{"line":131,"column":43}},"33":{"start":{"line":132,"column":15},"end":{"line":132,"column":34}},"34":{"start":{"line":132,"column":37},"end":{"line":132,"column":43}},"35":{"start":{"line":133,"column":15},"end":{"line":133,"column":56}},"36":{"start":{"line":141,"column":2},"end":{"line":145,"column":3}},"37":{"start":{"line":142,"column":18},"end":{"line":142,"column":112}},"38":{"start":{"line":142,"column":115},"end":{"line":142,"column":121}},"39":{"start":{"line":143,"column":18},"end":{"line":143,"column":114}},"40":{"start":{"line":143,"column":115},"end":{"line":143,"column":121}},"41":{"start":{"line":144,"column":13},"end":{"line":144,"column":80}},"42":{"start":{"line":147,"column":2},"end":{"line":147,"column":33}},"43":{"start":{"line":153,"column":2},"end":{"line":155,"column":3}},"44":{"start":{"line":154,"column":4},"end":{"line":154,"column":27}},"45":{"start":{"line":157,"column":2},"end":{"line":161,"column":3}},"46":{"start":{"line":158,"column":4},"end":{"line":160,"column":6}},"47":{"start":{"line":159,"column":12},"end":{"line":159,"column":99}},"48":{"start":{"line":167,"column":25},"end":{"line":167,"column":77}},"49":{"start":{"line":168,"column":25},"end":{"line":168,"column":80}},"50":{"start":{"line":169,"column":25},"end":{"line":169,"column":69}},"51":{"start":{"line":170,"column":25},"end":{"line":170,"column":69}},"52":{"start":{"line":171,"column":25},"end":{"line":171,"column":54}},"53":{"start":{"line":173,"column":2},"end":{"line":175,"column":3}},"54":{"start":{"line":174,"column":4},"end":{"line":174,"column":27}},"55":{"start":{"line":181,"column":2},"end":{"line":181,"column":21}},"56":{"start":{"line":182,"column":2},"end":{"line":182,"column":22}},"57":{"start":{"line":184,"column":2},"end":{"line":184,"column":30}},"58":{"start":{"line":185,"column":2},"end":{"line":185,"column":63}},"59":{"start":{"line":190,"column":2},"end":{"line":190,"column":21}},"60":{"start":{"line":192,"column":27},"end":{"line":192,"column":75}},"61":{"start":{"line":193,"column":27},"end":{"line":193,"column":185}},"62":{"start":{"line":194,"column":27},"end":{"line":194,"column":54}},"63":{"start":{"line":195,"column":27},"end":{"line":195,"column":48}},"64":{"start":{"line":197,"column":2},"end":{"line":200,"column":3}},"65":{"start":{"line":198,"column":4},"end":{"line":198,"column":58}},"66":{"start":{"line":199,"column":4},"end":{"line":199,"column":52}},"67":{"start":{"line":202,"column":2},"end":{"line":204,"column":3}},"68":{"start":{"line":203,"column":4},"end":{"line":203,"column":19}},"69":{"start":{"line":206,"column":2},"end":{"line":206,"column":39}},"70":{"start":{"line":208,"column":2},"end":{"line":208,"column":30}},"71":{"start":{"line":214,"column":16},"end":{"line":214,"column":23}},"72":{"start":{"line":215,"column":2},"end":{"line":221,"column":3}},"73":{"start":{"line":215,"column":23},"end":{"line":215,"column":38}},"74":{"start":{"line":216,"column":4},"end":{"line":220,"column":5}},"75":{"start":{"line":217,"column":15},"end":{"line":217,"column":45}},"76":{"start":{"line":217,"column":46},"end":{"line":217,"column":52}},"77":{"start":{"line":218,"column":15},"end":{"line":218,"column":45}},"78":{"start":{"line":218,"column":46},"end":{"line":218,"column":52}},"79":{"start":{"line":219,"column":15},"end":{"line":219,"column":59}},"80":{"start":{"line":226,"column":2},"end":{"line":234,"column":3}},"81":{"start":{"line":227,"column":4},"end":{"line":227,"column":59}},"82":{"start":{"line":228,"column":4},"end":{"line":228,"column":43}},"83":{"start":{"line":229,"column":4},"end":{"line":229,"column":74}},"84":{"start":{"line":230,"column":18},"end":{"line":232,"column":12}},"85":{"start":{"line":231,"column":6},"end":{"line":231,"column":73}},"86":{"start":{"line":233,"column":4},"end":{"line":233,"column":41}},"87":{"start":{"line":236,"column":2},"end":{"line":243,"column":3}},"88":{"start":{"line":237,"column":4},"end":{"line":237,"column":31}},"89":{"start":{"line":238,"column":4},"end":{"line":240,"column":6}},"90":{"start":{"line":239,"column":12},"end":{"line":239,"column":66}},"91":{"start":{"line":241,"column":4},"end":{"line":241,"column":108}},"92":{"start":{"line":242,"column":4},"end":{"line":242,"column":73}}},"fnMap":{"0":{"name":"(anonymous_0)","decl":{"start":{"line":12,"column":2},"end":{"line":12,"column":3}},"loc":{"start":{"line":12,"column":21},"end":{"line":37,"column":3}},"line":12},"1":{"name":"(anonymous_1)","decl":{"start":{"line":39,"column":2},"end":{"line":39,"column":3}},"loc":{"start":{"line":39,"column":20},"end":{"line":44,"column":3}},"line":39},"2":{"name":"(anonymous_2)","decl":{"start":{"line":41,"column":29},"end":{"line":41,"column":30}},"loc":{"start":{"line":41,"column":34},"end":{"line":41,"column":63}},"line":41},"3":{"name":"(anonymous_3)","decl":{"start":{"line":42,"column":29},"end":{"line":42,"column":30}},"loc":{"start":{"line":42,"column":34},"end":{"line":42,"column":61}},"line":42},"4":{"name":"(anonymous_4)","decl":{"start":{"line":46,"column":2},"end":{"line":46,"column":3}},"loc":{"start":{"line":46,"column":39},"end":{"line":55,"column":3}},"line":46},"5":{"name":"(anonymous_5)","decl":{"start":{"line":57,"column":2},"end":{"line":57,"column":3}},"loc":{"start":{"line":57,"column":11},"end":{"line":90,"column":3}},"line":57},"6":{"name":"_drawerHandleKeys","decl":{"start":{"line":126,"column":9},"end":{"line":126,"column":26}},"loc":{"start":{"line":126,"column":30},"end":{"line":137,"column":1}},"line":126},"7":{"name":"(anonymous_7)","decl":{"start":{"line":129,"column":16},"end":{"line":129,"column":17}},"loc":{"start":{"line":129,"column":23},"end":{"line":129,"column":38}},"line":129},"8":{"name":"_drawerStyles","decl":{"start":{"line":139,"column":9},"end":{"line":139,"column":22}},"loc":{"start":{"line":139,"column":60},"end":{"line":149,"column":1}},"line":139},"9":{"name":"_contentSectionHandler","decl":{"start":{"line":151,"column":9},"end":{"line":151,"column":31}},"loc":{"start":{"line":151,"column":35},"end":{"line":163,"column":1}},"line":151},"10":{"name":"(anonymous_10)","decl":{"start":{"line":159,"column":6},"end":{"line":159,"column":7}},"loc":{"start":{"line":159,"column":12},"end":{"line":159,"column":99}},"line":159},"11":{"name":"_findAndFocus","decl":{"start":{"line":165,"column":9},"end":{"line":165,"column":22}},"loc":{"start":{"line":165,"column":60},"end":{"line":177,"column":1}},"line":165},"12":{"name":"_titleSectionBackHandler","decl":{"start":{"line":179,"column":9},"end":{"line":179,"column":33}},"loc":{"start":{"line":179,"column":37},"end":{"line":186,"column":1}},"line":179},"13":{"name":"_tabHandler","decl":{"start":{"line":188,"column":9},"end":{"line":188,"column":20}},"loc":{"start":{"line":188,"column":24},"end":{"line":210,"column":1}},"line":188},"14":{"name":"_basicViewKeyHandler","decl":{"start":{"line":212,"column":9},"end":{"line":212,"column":29}},"loc":{"start":{"line":212,"column":33},"end":{"line":223,"column":1}},"line":212},"15":{"name":"(anonymous_15)","decl":{"start":{"line":215,"column":16},"end":{"line":215,"column":17}},"loc":{"start":{"line":215,"column":23},"end":{"line":215,"column":38}},"line":215},"16":{"name":"_drawerOpenClose","decl":{"start":{"line":225,"column":9},"end":{"line":225,"column":25}},"loc":{"start":{"line":225,"column":104},"end":{"line":244,"column":1}},"line":225},"17":{"name":"(anonymous_17)","decl":{"start":{"line":230,"column":29},"end":{"line":230,"column":30}},"loc":{"start":{"line":230,"column":35},"end":{"line":232,"column":5}},"line":230},"18":{"name":"(anonymous_18)","decl":{"start":{"line":239,"column":6},"end":{"line":239,"column":7}},"loc":{"start":{"line":239,"column":12},"end":{"line":239,"column":66}},"line":239}},"branchMap":{"0":{"loc":{"start":{"line":33,"column":4},"end":{"line":35,"column":5}},"type":"if","locations":[{"start":{"line":33,"column":4},"end":{"line":35,"column":5}},{"start":{"line":33,"column":4},"end":{"line":35,"column":5}}],"line":33},"1":{"loc":{"start":{"line":129,"column":2},"end":{"line":135,"column":3}},"type":"if","locations":[{"start":{"line":129,"column":2},"end":{"line":135,"column":3}},{"start":{"line":129,"column":2},"end":{"line":135,"column":3}}],"line":129},"2":{"loc":{"start":{"line":130,"column":4},"end":{"line":134,"column":5}},"type":"switch","locations":[{"start":{"line":131,"column":6},"end":{"line":131,"column":43}},{"start":{"line":132,"column":6},"end":{"line":132,"column":43}},{"start":{"line":133,"column":6},"end":{"line":133,"column":56}}],"line":130},"3":{"loc":{"start":{"line":141,"column":2},"end":{"line":145,"column":3}},"type":"switch","locations":[{"start":{"line":142,"column":4},"end":{"line":142,"column":121}},{"start":{"line":143,"column":4},"end":{"line":143,"column":121}},{"start":{"line":144,"column":4},"end":{"line":144,"column":80}}],"line":141},"4":{"loc":{"start":{"line":142,"column":34},"end":{"line":142,"column":111}},"type":"cond-expr","locations":[{"start":{"line":142,"column":47},"end":{"line":142,"column":76}},{"start":{"line":142,"column":81},"end":{"line":142,"column":111}}],"line":142},"5":{"loc":{"start":{"line":143,"column":34},"end":{"line":143,"column":113}},"type":"cond-expr","locations":[{"start":{"line":143,"column":47},"end":{"line":143,"column":78}},{"start":{"line":143,"column":81},"end":{"line":143,"column":113}}],"line":143},"6":{"loc":{"start":{"line":153,"column":2},"end":{"line":155,"column":3}},"type":"if","locations":[{"start":{"line":153,"column":2},"end":{"line":155,"column":3}},{"start":{"line":153,"column":2},"end":{"line":155,"column":3}}],"line":153},"7":{"loc":{"start":{"line":157,"column":2},"end":{"line":161,"column":3}},"type":"if","locations":[{"start":{"line":157,"column":2},"end":{"line":161,"column":3}},{"start":{"line":157,"column":2},"end":{"line":161,"column":3}}],"line":157},"8":{"loc":{"start":{"line":169,"column":25},"end":{"line":169,"column":69}},"type":"cond-expr","locations":[{"start":{"line":169,"column":38},"end":{"line":169,"column":49}},{"start":{"line":169,"column":52},"end":{"line":169,"column":69}}],"line":169},"9":{"loc":{"start":{"line":170,"column":25},"end":{"line":170,"column":69}},"type":"cond-expr","locations":[{"start":{"line":170,"column":38},"end":{"line":170,"column":48}},{"start":{"line":170,"column":52},"end":{"line":170,"column":69}}],"line":170},"10":{"loc":{"start":{"line":171,"column":25},"end":{"line":171,"column":54}},"type":"cond-expr","locations":[{"start":{"line":171,"column":32},"end":{"line":171,"column":41}},{"start":{"line":171,"column":44},"end":{"line":171,"column":54}}],"line":171},"11":{"loc":{"start":{"line":173,"column":2},"end":{"line":175,"column":3}},"type":"if","locations":[{"start":{"line":173,"column":2},"end":{"line":175,"column":3}},{"start":{"line":173,"column":2},"end":{"line":175,"column":3}}],"line":173},"12":{"loc":{"start":{"line":197,"column":2},"end":{"line":200,"column":3}},"type":"if","locations":[{"start":{"line":197,"column":2},"end":{"line":200,"column":3}},{"start":{"line":197,"column":2},"end":{"line":200,"column":3}}],"line":197},"13":{"loc":{"start":{"line":198,"column":17},"end":{"line":198,"column":57}},"type":"cond-expr","locations":[{"start":{"line":198,"column":30},"end":{"line":198,"column":42}},{"start":{"line":198,"column":45},"end":{"line":198,"column":57}}],"line":198},"14":{"loc":{"start":{"line":199,"column":17},"end":{"line":199,"column":51}},"type":"cond-expr","locations":[{"start":{"line":199,"column":37},"end":{"line":199,"column":47}},{"start":{"line":199,"column":50},"end":{"line":199,"column":51}}],"line":199},"15":{"loc":{"start":{"line":202,"column":2},"end":{"line":204,"column":3}},"type":"if","locations":[{"start":{"line":202,"column":2},"end":{"line":204,"column":3}},{"start":{"line":202,"column":2},"end":{"line":204,"column":3}}],"line":202},"16":{"loc":{"start":{"line":215,"column":2},"end":{"line":221,"column":3}},"type":"if","locations":[{"start":{"line":215,"column":2},"end":{"line":221,"column":3}},{"start":{"line":215,"column":2},"end":{"line":221,"column":3}}],"line":215},"17":{"loc":{"start":{"line":216,"column":4},"end":{"line":220,"column":5}},"type":"switch","locations":[{"start":{"line":217,"column":6},"end":{"line":217,"column":52}},{"start":{"line":218,"column":6},"end":{"line":218,"column":52}},{"start":{"line":219,"column":6},"end":{"line":219,"column":59}}],"line":216},"18":{"loc":{"start":{"line":226,"column":2},"end":{"line":234,"column":3}},"type":"if","locations":[{"start":{"line":226,"column":2},"end":{"line":234,"column":3}},{"start":{"line":226,"column":2},"end":{"line":234,"column":3}}],"line":226},"19":{"loc":{"start":{"line":236,"column":2},"end":{"line":243,"column":3}},"type":"if","locations":[{"start":{"line":236,"column":2},"end":{"line":243,"column":3}},{"start":{"line":236,"column":2},"end":{"line":243,"column":3}}],"line":236},"20":{"loc":{"start":{"line":238,"column":67},"end":{"line":238,"column":88}},"type":"cond-expr","locations":[{"start":{"line":238,"column":76},"end":{"line":238,"column":81}},{"start":{"line":238,"column":84},"end":{"line":238,"column":88}}],"line":238}},"s":{"0":1,"1":1,"2":1,"3":1,"4":1,"5":1,"6":1,"7":1,"8":1,"9":1,"10":1,"11":1,"12":0,"13":0,"14":0,"15":0,"16":0,"17":0,"18":0,"19":0,"20":0,"21":1,"22":1,"23":1,"24":1,"25":1,"26":1,"27":0,"28":0,"29":0,"30":0,"31":0,"32":0,"33":0,"34":0,"35":0,"36":0,"37":0,"38":0,"39":0,"40":0,"41":0,"42":0,"43":0,"44":0,"45":0,"46":0,"47":0,"48":0,"49":0,"50":0,"51":0,"52":0,"53":0,"54":0,"55":0,"56":0,"57":0,"58":0,"59":0,"60":0,"61":0,"62":0,"63":0,"64":0,"65":0,"66":0,"67":0,"68":0,"69":0,"70":0,"71":0,"72":0,"73":0,"74":0,"75":0,"76":0,"77":0,"78":0,"79":0,"80":0,"81":0,"82":0,"83":0,"84":0,"85":0,"86":0,"87":0,"88":0,"89":0,"90":0,"91":0,"92":0},"f":{"0":1,"1":0,"2":0,"3":0,"4":0,"5":1,"6":0,"7":0,"8":0,"9":0,"10":0,"11":0,"12":0,"13":0,"14":0,"15":0,"16":0,"17":0,"18":0},"b":{"0":[0,1],"1":[0,0],"2":[0,0,0],"3":[0,0,0],"4":[0,0],"5":[0,0],"6":[0,0],"7":[0,0],"8":[0,0],"9":[0,0],"10":[0,0],"11":[0,0],"12":[0,0],"13":[0,0],"14":[0,0],"15":[0,0],"16":[0,0],"17":[0,0,0],"18":[0,0],"19":[0,0],"20":[0,0]},"_coverageSchema":"332fd63041d2c1bcb487cc26dd0d5f7d97098a6c","hash":"3c2dbb5b9f74b781091786b1211972a9a6008471"}
,"/Users/udavig4/Git/drawer/src/js/DrawerPortal.js": {"path":"/Users/udavig4/Git/drawer/src/js/DrawerPortal.js","statementMap":{"0":{"start":{"line":6,"column":4},"end":{"line":6,"column":17}},"1":{"start":{"line":7,"column":4},"end":{"line":7,"column":44}},"2":{"start":{"line":11,"column":4},"end":{"line":13,"column":5}},"3":{"start":{"line":12,"column":6},"end":{"line":12,"column":65}},"4":{"start":{"line":14,"column":4},"end":{"line":19,"column":5}},"5":{"start":{"line":15,"column":6},"end":{"line":15,"column":50}},"6":{"start":{"line":16,"column":6},"end":{"line":16,"column":45}},"7":{"start":{"line":17,"column":6},"end":{"line":17,"column":45}},"8":{"start":{"line":18,"column":6},"end":{"line":18,"column":43}},"9":{"start":{"line":21,"column":4},"end":{"line":21,"column":37}},"10":{"start":{"line":25,"column":4},"end":{"line":25,"column":37}},"11":{"start":{"line":26,"column":4},"end":{"line":28,"column":5}},"12":{"start":{"line":27,"column":6},"end":{"line":27,"column":45}},"13":{"start":{"line":32,"column":4},"end":{"line":35,"column":6}},"14":{"start":{"line":41,"column":0},"end":{"line":43,"column":2}}},"fnMap":{"0":{"name":"(anonymous_0)","decl":{"start":{"line":5,"column":2},"end":{"line":5,"column":3}},"loc":{"start":{"line":5,"column":21},"end":{"line":8,"column":3}},"line":5},"1":{"name":"(anonymous_1)","decl":{"start":{"line":10,"column":2},"end":{"line":10,"column":3}},"loc":{"start":{"line":10,"column":22},"end":{"line":22,"column":3}},"line":10},"2":{"name":"(anonymous_2)","decl":{"start":{"line":24,"column":2},"end":{"line":24,"column":3}},"loc":{"start":{"line":24,"column":25},"end":{"line":29,"column":3}},"line":24},"3":{"name":"(anonymous_3)","decl":{"start":{"line":31,"column":2},"end":{"line":31,"column":3}},"loc":{"start":{"line":31,"column":11},"end":{"line":36,"column":3}},"line":31}},"branchMap":{"0":{"loc":{"start":{"line":11,"column":4},"end":{"line":13,"column":5}},"type":"if","locations":[{"start":{"line":11,"column":4},"end":{"line":13,"column":5}},{"start":{"line":11,"column":4},"end":{"line":13,"column":5}}],"line":11},"1":{"loc":{"start":{"line":14,"column":4},"end":{"line":19,"column":5}},"type":"if","locations":[{"start":{"line":14,"column":4},"end":{"line":19,"column":5}},{"start":{"line":14,"column":4},"end":{"line":19,"column":5}}],"line":14},"2":{"loc":{"start":{"line":26,"column":4},"end":{"line":28,"column":5}},"type":"if","locations":[{"start":{"line":26,"column":4},"end":{"line":28,"column":5}},{"start":{"line":26,"column":4},"end":{"line":28,"column":5}}],"line":26}},"s":{"0":0,"1":0,"2":0,"3":0,"4":0,"5":0,"6":0,"7":0,"8":0,"9":0,"10":0,"11":0,"12":0,"13":0,"14":1},"f":{"0":0,"1":0,"2":0,"3":0},"b":{"0":[0,0],"1":[0,0],"2":[0,0]},"_coverageSchema":"332fd63041d2c1bcb487cc26dd0d5f7d97098a6c","hash":"53ff139e3034119d0a0280ec7281da8772be0ed1"}
}
